<?xml version="1.0" encoding="UTF-8"?>
<!-- Generated by org.testng.reporters.JUnitReportReporter -->
<testsuite hostname="DESKTOP-7DNQL9K" failures="0" tests="3" name="com.testcases.SampleTest" time="63.891" errors="0" timestamp="2021-07-21T05:06:17 IST" skipped="0">
  <testcase classname="com.testcases.SampleTest" name="verifyPaymentScreen" time="20.127"/>
  <system-out/>
  <testcase classname="com.testcases.SampleTest" name="verifySuccessMessage" time="43.748"/>
  <system-out/>
  <testcase classname="com.testcases.SampleTest" name="verifyRechargeSuccess" time="0.016"/>
  <system-out/>
</testsuite> <!-- com.testcases.SampleTest -->
